# JRE version: OpenJDK Runtime Environment (25.0+36) (build 25+36-3489)
# Java VM: OpenJDK 64-Bit Server VM (25+36-3489, mixed mode, emulated-client, sharing, tiered, compressed oops, compressed class ptrs, g1 gc, windows-amd64)
GC Precious Log:
 CardTable entry size: 512
 Card Set container configuration: InlinePtr #cards 4 size 8 Array Of Cards #cards 16 size 48 Howl #buckets 8 coarsen threshold 3686 Howl Bitmap #cards 512 size 80 coarsen threshold 460 Card regions per heap region 1 cards per card region 4096
 CPUs: 16 total, 16 available
 Memory: 16278M
 Large Page Support: Disabled
 NUMA Support: Disabled
 Compressed Oops: Enabled (Zero based)
 Heap Region Size: 2M
 Heap Min Capacity: 8M
 Heap Initial Capacity: 256M
 Heap Max Capacity: 4070M
 Pre-touch: Disabled
 Parallel Workers: 13
 Concurrent Workers: 3
 Concurrent Refinement Workers: 13
 Periodic GC: Disabled
Heap:
 garbage-first heap   total reserved 4167680K, committed 143360K, used 39049K [0x0000000701a00000, 0x0000000800000000)
  region size 2048K, 2 young (4096K), 1 survivors (2048K)
GC Heap Usage History (20 events):
Event: 21376.931 {heap Before GC invocations=123 (full 2):
 garbage-first heap   total reserved 4167680K, committed 143360K, used 123011K [0x0000000701a00000, 0x0000000800000000)
  region size 2048K, 42 young (86016K), 1 survivors (2048K)
}
Event: 21376.933 {heap After GC invocations=124 (full 2):
 garbage-first heap   total reserved 4167680K, committed 143360K, used 39157K [0x0000000701a00000, 0x0000000800000000)
  region size 2048K, 1 young (2048K), 1 survivors (2048K)
}
Event: 21635.809 {heap Before GC invocations=125 (full 2):
 garbage-first heap   total reserved 4167680K, committed 143360K, used 123125K [0x0000000701a00000, 0x0000000800000000)
  region size 2048K, 42 young (86016K), 1 survivors (2048K)
}
Event: 21635.813 {heap After GC invocations=126 (full 2):
 garbage-first heap   total reserved 4167680K, committed 143360K, used 39123K [0x0000000701a00000, 0x0000000800000000)
  region size 2048K, 1 young (2048K), 1 survivors (2048K)
}
Event: 21897.146 {heap Before GC invocations=126 (full 2):
 garbage-first heap   total reserved 4167680K, committed 143360K, used 123091K [0x0000000701a00000, 0x0000000800000000)
  region size 2048K, 42 young (86016K), 1 survivors (2048K)
}
Event: 21897.148 {heap After GC invocations=127 (full 2):
 garbage-first heap   total reserved 4167680K, committed 143360K, used 39002K [0x0000000701a00000, 0x0000000800000000)
  region size 2048K, 1 young (2048K), 1 survivors (2048K)
}
Event: 22162.042 {heap Before GC invocations=127 (full 2):
 garbage-first heap   total reserved 4167680K, committed 143360K, used 122970K [0x0000000701a00000, 0x0000000800000000)
  region size 2048K, 42 young (86016K), 1 survivors (2048K)
}
Event: 22162.045 {heap After GC invocations=128 (full 2):
 garbage-first heap   total reserved 4167680K, committed 143360K, used 39026K [0x0000000701a00000, 0x0000000800000000)
  region size 2048K, 1 young (2048K), 1 survivors (2048K)
}
Event: 22421.589 {heap Before GC invocations=129 (full 2):
 garbage-first heap   total reserved 4167680K, committed 143360K, used 122994K [0x0000000701a00000, 0x0000000800000000)
  region size 2048K, 42 young (86016K), 1 survivors (2048K)
}
Event: 22421.591 {heap After GC invocations=130 (full 2):
 garbage-first heap   total reserved 4167680K, committed 143360K, used 39024K [0x0000000701a00000, 0x0000000800000000)
  region size 2048K, 1 young (2048K), 1 survivors (2048K)
}
Event: 22680.057 {heap Before GC invocations=130 (full 2):
 garbage-first heap   total reserved 4167680K, committed 143360K, used 122992K [0x0000000701a00000, 0x0000000800000000)
  region size 2048K, 42 young (86016K), 1 survivors (2048K)
}
Event: 22680.059 {heap After GC invocations=131 (full 2):
 garbage-first heap   total reserved 4167680K, committed 143360K, used 39148K [0x0000000701a00000, 0x0000000800000000)
  region size 2048K, 1 young (2048K), 1 survivors (2048K)
}
Event: 22938.152 {heap Before GC invocations=131 (full 2):
 garbage-first heap   total reserved 4167680K, committed 143360K, used 123116K [0x0000000701a00000, 0x0000000800000000)
  region size 2048K, 42 young (86016K), 1 survivors (2048K)
}
Event: 22938.156 {heap After GC invocations=132 (full 2):
 garbage-first heap   total reserved 4167680K, committed 143360K, used 39073K [0x0000000701a00000, 0x0000000800000000)
  region size 2048K, 1 young (2048K), 1 survivors (2048K)
}
Event: 23198.496 {heap Before GC invocations=133 (full 2):
 garbage-first heap   total reserved 4167680K, committed 143360K, used 123041K [0x0000000701a00000, 0x0000000800000000)
  region size 2048K, 42 young (86016K), 1 survivors (2048K)
}
Event: 23198.498 {heap After GC invocations=134 (full 2):
 garbage-first heap   total reserved 4167680K, committed 143360K, used 39049K [0x0000000701a00000, 0x0000000800000000)
  region size 2048K, 1 young (2048K), 1 survivors (2048K)
}
Event: 23458.952 {heap Before GC invocations=134 (full 2):
 garbage-first heap   total reserved 4167680K, committed 143360K, used 123017K [0x0000000701a00000, 0x0000000800000000)
  region size 2048K, 42 young (86016K), 1 survivors (2048K)
}
Event: 23458.953 {heap After GC invocations=135 (full 2):
 garbage-first heap   total reserved 4167680K, committed 143360K, used 39015K [0x0000000701a00000, 0x0000000800000000)
  region size 2048K, 1 young (2048K), 1 survivors (2048K)
}
Event: 23720.888 {heap Before GC invocations=135 (full 2):
 garbage-first heap   total reserved 4167680K, committed 143360K, used 122983K [0x0000000701a00000, 0x0000000800000000)
  region size 2048K, 42 young (86016K), 1 survivors (2048K)
}
Event: 23720.891 {heap After GC invocations=136 (full 2):
 garbage-first heap   total reserved 4167680K, committed 143360K, used 39049K [0x0000000701a00000, 0x0000000800000000)
  region size 2048K, 1 young (2048K), 1 survivors (2048K)
}

